22:00:39 INFO  TestBase - Method public void LoginTests.loginPositiveUserData()  is started
22:00:41 INFO  manager.WebDriverListener - Start searching element ----->>>> By.xpath: //*[.='Logged in success']
22:00:46 INFO  manager.WebDriverListener - Element with locator --->>> By.xpath: //*[.='Logged in success'] is found
22:00:46 INFO  manager.WebDriverListener - Start searching element ----->>>> By.xpath: //*[.=' Log in ']
22:00:46 INFO  manager.WebDriverListener - Element with locator --->>> By.xpath: //*[.=' Log in '] is found
22:00:49 INFO  manager.WebDriverListener - Start searching element ----->>>> By.xpath: //*[@id="email"]
22:00:49 INFO  manager.WebDriverListener - Element with locator --->>> By.xpath: //*[@id="email"] is found
22:00:49 INFO  manager.WebDriverListener - Start searching element ----->>>> By.xpath: *[@id="password"]
22:00:54 INFO  manager.WebDriverListener - U have an ERROR: 
22:00:54 INFO  manager.WebDriverListener - no such element: Unable to locate element: {"method":"xpath","selector":"*[@id="password"]"}
  (Session info: chrome=114.0.5735.135)
For documentation on this error, please visit: https://www.seleniumhq.org/exceptions/no_such_element.html
Build info: version: '3.141.59', revision: 'e82be7d358', time: '2018-11-14T08:17:03'
System info: host: 'MAIN', ip: '192.168.50.2', os.name: 'Windows 10', os.arch: 'amd64', os.version: '10.0', java.version: '1.8.0_333'
Driver info: org.openqa.selenium.chrome.ChromeDriver
Capabilities {acceptInsecureCerts: false, browserName: chrome, browserVersion: 114.0.5735.135, chrome: {chromedriverVersion: 113.0.5672.63 (0e1a4471d5ae..., userDataDir: C:\Users\unmai\AppData\Loca...}, goog:chromeOptions: {debuggerAddress: localhost:58759}, javascriptEnabled: true, networkConnectionEnabled: false, pageLoadStrategy: normal, platform: WINDOWS, platformName: WINDOWS, proxy: Proxy(), setWindowRect: true, strictFileInteractability: false, timeouts: {implicit: 0, pageLoad: 300000, script: 30000}, unhandledPromptBehavior: dismiss and notify, webauthn:extension:credBlob: true, webauthn:extension:largeBlob: true, webauthn:extension:minPinLength: true, webauthn:extension:prf: true, webauthn:virtualAuthenticators: true}
Session ID: 32a4c43b8a44cd5d19d22c864ec437e2
*** Element info: {Using=xpath, value=*[@id="password"]}
22:00:54 INFO  manager.WebDriverListener - org.openqa.selenium.NoSuchElementException: no such element: Unable to locate element: {"method":"xpath","selector":"*[@id="password"]"}
  (Session info: chrome=114.0.5735.135)
For documentation on this error, please visit: https://www.seleniumhq.org/exceptions/no_such_element.html
Build info: version: '3.141.59', revision: 'e82be7d358', time: '2018-11-14T08:17:03'
System info: host: 'MAIN', ip: '192.168.50.2', os.name: 'Windows 10', os.arch: 'amd64', os.version: '10.0', java.version: '1.8.0_333'
Driver info: org.openqa.selenium.chrome.ChromeDriver
Capabilities {acceptInsecureCerts: false, browserName: chrome, browserVersion: 114.0.5735.135, chrome: {chromedriverVersion: 113.0.5672.63 (0e1a4471d5ae..., userDataDir: C:\Users\unmai\AppData\Loca...}, goog:chromeOptions: {debuggerAddress: localhost:58759}, javascriptEnabled: true, networkConnectionEnabled: false, pageLoadStrategy: normal, platform: WINDOWS, platformName: WINDOWS, proxy: Proxy(), setWindowRect: true, strictFileInteractability: false, timeouts: {implicit: 0, pageLoad: 300000, script: 30000}, unhandledPromptBehavior: dismiss and notify, webauthn:extension:credBlob: true, webauthn:extension:largeBlob: true, webauthn:extension:minPinLength: true, webauthn:extension:prf: true, webauthn:virtualAuthenticators: true}
Session ID: 32a4c43b8a44cd5d19d22c864ec437e2
*** Element info: {Using=xpath, value=*[@id="password"]}
22:00:54 INFO  manager.WebDriverListener - To watch what happened open this link with error on screenshot --->> src/test/screenshots/scrsht - 54.jpg
22:00:54 INFO  manager.WebDriverListener - Start searching element ----->>>> By.xpath: //button[@type='button']
22:01:00 INFO  manager.WebDriverListener - U have an ERROR: 
22:01:00 INFO  manager.WebDriverListener - no such element: Unable to locate element: {"method":"xpath","selector":"//button[@type='button']"}
  (Session info: chrome=114.0.5735.135)
For documentation on this error, please visit: https://www.seleniumhq.org/exceptions/no_such_element.html
Build info: version: '3.141.59', revision: 'e82be7d358', time: '2018-11-14T08:17:03'
System info: host: 'MAIN', ip: '192.168.50.2', os.name: 'Windows 10', os.arch: 'amd64', os.version: '10.0', java.version: '1.8.0_333'
Driver info: org.openqa.selenium.chrome.ChromeDriver
Capabilities {acceptInsecureCerts: false, browserName: chrome, browserVersion: 114.0.5735.135, chrome: {chromedriverVersion: 113.0.5672.63 (0e1a4471d5ae..., userDataDir: C:\Users\unmai\AppData\Loca...}, goog:chromeOptions: {debuggerAddress: localhost:58759}, javascriptEnabled: true, networkConnectionEnabled: false, pageLoadStrategy: normal, platform: WINDOWS, platformName: WINDOWS, proxy: Proxy(), setWindowRect: true, strictFileInteractability: false, timeouts: {implicit: 0, pageLoad: 300000, script: 30000}, unhandledPromptBehavior: dismiss and notify, webauthn:extension:credBlob: true, webauthn:extension:largeBlob: true, webauthn:extension:minPinLength: true, webauthn:extension:prf: true, webauthn:virtualAuthenticators: true}
Session ID: 32a4c43b8a44cd5d19d22c864ec437e2
*** Element info: {Using=xpath, value=//button[@type='button']}
22:01:00 INFO  manager.WebDriverListener - org.openqa.selenium.NoSuchElementException: no such element: Unable to locate element: {"method":"xpath","selector":"//button[@type='button']"}
  (Session info: chrome=114.0.5735.135)
For documentation on this error, please visit: https://www.seleniumhq.org/exceptions/no_such_element.html
Build info: version: '3.141.59', revision: 'e82be7d358', time: '2018-11-14T08:17:03'
System info: host: 'MAIN', ip: '192.168.50.2', os.name: 'Windows 10', os.arch: 'amd64', os.version: '10.0', java.version: '1.8.0_333'
Driver info: org.openqa.selenium.chrome.ChromeDriver
Capabilities {acceptInsecureCerts: false, browserName: chrome, browserVersion: 114.0.5735.135, chrome: {chromedriverVersion: 113.0.5672.63 (0e1a4471d5ae..., userDataDir: C:\Users\unmai\AppData\Loca...}, goog:chromeOptions: {debuggerAddress: localhost:58759}, javascriptEnabled: true, networkConnectionEnabled: false, pageLoadStrategy: normal, platform: WINDOWS, platformName: WINDOWS, proxy: Proxy(), setWindowRect: true, strictFileInteractability: false, timeouts: {implicit: 0, pageLoad: 300000, script: 30000}, unhandledPromptBehavior: dismiss and notify, webauthn:extension:credBlob: true, webauthn:extension:largeBlob: true, webauthn:extension:minPinLength: true, webauthn:extension:prf: true, webauthn:virtualAuthenticators: true}
Session ID: 32a4c43b8a44cd5d19d22c864ec437e2
*** Element info: {Using=xpath, value=//button[@type='button']}
22:01:00 INFO  manager.WebDriverListener - To watch what happened open this link with error on screenshot --->> src/test/screenshots/scrsht - 60.jpg
