21:50:55 INFO  TestBase - Method public void LoginTests.loginPositiveUserDTO(models.User)  is started
21:50:57 INFO  manager.WebDriverListener - Start searching element ----->>>> By.xpath: //*[.='Logged in success']
21:51:02 INFO  manager.WebDriverListener - Element with locator --->>> By.xpath: //*[.='Logged in success'] is found
21:51:02 INFO  manager.TestNgListener - Test loginPositiveUserDTO started
21:51:02 INFO  manager.WebDriverListener - Start searching element ----->>>> By.xpath: //*[.=' Log in ']
21:51:02 INFO  manager.WebDriverListener - Element with locator --->>> By.xpath: //*[.=' Log in '] is found
21:51:03 INFO  manager.WebDriverListener - Start searching element ----->>>> By.xpath: //*[@id="email"]
21:51:03 INFO  manager.WebDriverListener - Element with locator --->>> By.xpath: //*[@id="email"] is found
21:51:03 INFO  manager.WebDriverListener - Start searching element ----->>>> By.xpath: //*[@id="password"]
21:51:03 INFO  manager.WebDriverListener - Element with locator --->>> By.xpath: //*[@id="password"] is found
21:51:06 INFO  manager.WebDriverListener - Start searching element ----->>>> By.xpath: //button[@type='submit']
21:51:06 INFO  manager.WebDriverListener - Element with locator --->>> By.xpath: //button[@type='submit'] is found
21:51:06 INFO  manager.WebDriverListener - Start searching element ----->>>> By.xpath: //*[contains(text(),'success')]
21:51:07 INFO  manager.WebDriverListener - Element with locator --->>> By.xpath: //*[contains(text(),'success')] is found
21:51:07 INFO  manager.TestNgListener - Test loginPositiveUserDTO successful
21:51:07 INFO  manager.WebDriverListener - Start searching element ----->>>> By.xpath: //button[@type='button']
21:51:07 INFO  manager.WebDriverListener - Element with locator --->>> By.xpath: //button[@type='button'] is found
21:51:07 INFO  TestBase - ================================
21:51:07 INFO  TestBase - Method public void LoginTests.loginPositiveUserDTO(models.User)  is started
21:51:09 INFO  manager.WebDriverListener - Start searching element ----->>>> By.xpath: //*[.='Logged in success']
21:51:14 INFO  manager.WebDriverListener - Element with locator --->>> By.xpath: //*[.='Logged in success'] is found
21:51:14 INFO  manager.TestNgListener - Test loginPositiveUserDTO started
21:51:14 INFO  manager.WebDriverListener - Start searching element ----->>>> By.xpath: //*[.=' Log in ']
21:51:19 INFO  manager.WebDriverListener - U have an ERROR: 
21:51:19 INFO  manager.WebDriverListener - no such element: Unable to locate element: {"method":"xpath","selector":"//*[.=' Log in ']"}
  (Session info: chrome=114.0.5735.199)
For documentation on this error, please visit: https://www.seleniumhq.org/exceptions/no_such_element.html
Build info: version: '3.141.59', revision: 'e82be7d358', time: '2018-11-14T08:17:03'
System info: host: 'MAIN', ip: '192.168.50.2', os.name: 'Windows 10', os.arch: 'amd64', os.version: '10.0', java.version: '1.8.0_333'
Driver info: org.openqa.selenium.chrome.ChromeDriver
Capabilities {acceptInsecureCerts: false, browserName: chrome, browserVersion: 114.0.5735.199, chrome: {chromedriverVersion: 113.0.5672.63 (0e1a4471d5ae..., userDataDir: C:\Users\unmai\AppData\Loca...}, goog:chromeOptions: {debuggerAddress: localhost:56000}, javascriptEnabled: true, networkConnectionEnabled: false, pageLoadStrategy: normal, platform: WINDOWS, platformName: WINDOWS, proxy: Proxy(), setWindowRect: true, strictFileInteractability: false, timeouts: {implicit: 0, pageLoad: 300000, script: 30000}, unhandledPromptBehavior: dismiss and notify, webauthn:extension:credBlob: true, webauthn:extension:largeBlob: true, webauthn:extension:minPinLength: true, webauthn:extension:prf: true, webauthn:virtualAuthenticators: true}
Session ID: 5bdb0f35eb1c4e166d1b4f45617aeed0
*** Element info: {Using=xpath, value=//*[.=' Log in ']}
21:51:19 INFO  manager.WebDriverListener - org.openqa.selenium.NoSuchElementException: no such element: Unable to locate element: {"method":"xpath","selector":"//*[.=' Log in ']"}
  (Session info: chrome=114.0.5735.199)
For documentation on this error, please visit: https://www.seleniumhq.org/exceptions/no_such_element.html
Build info: version: '3.141.59', revision: 'e82be7d358', time: '2018-11-14T08:17:03'
System info: host: 'MAIN', ip: '192.168.50.2', os.name: 'Windows 10', os.arch: 'amd64', os.version: '10.0', java.version: '1.8.0_333'
Driver info: org.openqa.selenium.chrome.ChromeDriver
Capabilities {acceptInsecureCerts: false, browserName: chrome, browserVersion: 114.0.5735.199, chrome: {chromedriverVersion: 113.0.5672.63 (0e1a4471d5ae..., userDataDir: C:\Users\unmai\AppData\Loca...}, goog:chromeOptions: {debuggerAddress: localhost:56000}, javascriptEnabled: true, networkConnectionEnabled: false, pageLoadStrategy: normal, platform: WINDOWS, platformName: WINDOWS, proxy: Proxy(), setWindowRect: true, strictFileInteractability: false, timeouts: {implicit: 0, pageLoad: 300000, script: 30000}, unhandledPromptBehavior: dismiss and notify, webauthn:extension:credBlob: true, webauthn:extension:largeBlob: true, webauthn:extension:minPinLength: true, webauthn:extension:prf: true, webauthn:virtualAuthenticators: true}
Session ID: 5bdb0f35eb1c4e166d1b4f45617aeed0
*** Element info: {Using=xpath, value=//*[.=' Log in ']}
21:51:19 INFO  manager.WebDriverListener - To watch what happened open this link with error on screenshot --->> src/test/screenshots/scrsht - 3079.jpg
21:51:19 INFO  manager.TestNgListener - Test loginPositiveUserDTO failedorg.openqa.selenium.NoSuchElementException: no such element: Unable to locate element: {"method":"xpath","selector":"//*[.=' Log in ']"}
  (Session info: chrome=114.0.5735.199)
For documentation on this error, please visit: https://www.seleniumhq.org/exceptions/no_such_element.html
Build info: version: '3.141.59', revision: 'e82be7d358', time: '2018-11-14T08:17:03'
System info: host: 'MAIN', ip: '192.168.50.2', os.name: 'Windows 10', os.arch: 'amd64', os.version: '10.0', java.version: '1.8.0_333'
Driver info: org.openqa.selenium.chrome.ChromeDriver
Capabilities {acceptInsecureCerts: false, browserName: chrome, browserVersion: 114.0.5735.199, chrome: {chromedriverVersion: 113.0.5672.63 (0e1a4471d5ae..., userDataDir: C:\Users\unmai\AppData\Loca...}, goog:chromeOptions: {debuggerAddress: localhost:56000}, javascriptEnabled: true, networkConnectionEnabled: false, pageLoadStrategy: normal, platform: WINDOWS, platformName: WINDOWS, proxy: Proxy(), setWindowRect: true, strictFileInteractability: false, timeouts: {implicit: 0, pageLoad: 300000, script: 30000}, unhandledPromptBehavior: dismiss and notify, webauthn:extension:credBlob: true, webauthn:extension:largeBlob: true, webauthn:extension:minPinLength: true, webauthn:extension:prf: true, webauthn:virtualAuthenticators: true}
Session ID: 5bdb0f35eb1c4e166d1b4f45617aeed0
*** Element info: {Using=xpath, value=//*[.=' Log in ']}
21:51:19 INFO  manager.WebDriverListener - Start searching element ----->>>> By.xpath: //button[@type='button']
21:51:23 INFO  manager.WebDriverListener - U have an ERROR: 
21:51:23 INFO  manager.WebDriverListener - Cannot locate an element using xpath=//button[@type='button']
For documentation on this error, please visit: https://www.seleniumhq.org/exceptions/no_such_element.html
Build info: version: '3.141.59', revision: 'e82be7d358', time: '2018-11-14T08:17:03'
System info: host: 'MAIN', ip: '192.168.50.2', os.name: 'Windows 10', os.arch: 'amd64', os.version: '10.0', java.version: '1.8.0_333'
Driver info: driver.version: EventFiringWebDriver
21:51:23 INFO  manager.WebDriverListener - org.openqa.selenium.NoSuchElementException: Cannot locate an element using xpath=//button[@type='button']
For documentation on this error, please visit: https://www.seleniumhq.org/exceptions/no_such_element.html
Build info: version: '3.141.59', revision: 'e82be7d358', time: '2018-11-14T08:17:03'
System info: host: 'MAIN', ip: '192.168.50.2', os.name: 'Windows 10', os.arch: 'amd64', os.version: '10.0', java.version: '1.8.0_333'
Driver info: driver.version: EventFiringWebDriver
21:51:23 INFO  manager.TestNgListener - Test loginPositiveUserDTO started
